[debug] [2022-09-13T14:53:52.453Z] ----------------------------------------------------------------------
[debug] [2022-09-13T14:53:52.456Z] Command:       /usr/local/bin/firebase /Users/tamami/.cache/firebase/tools/lib/node_modules/firebase-tools/lib/bin/firebase init
[debug] [2022-09-13T14:53:52.457Z] CLI Version:   11.1.0
[debug] [2022-09-13T14:53:52.457Z] Platform:      darwin
[debug] [2022-09-13T14:53:52.458Z] Node Version:  v16.15.0
[debug] [2022-09-13T14:53:52.459Z] Time:          Tue Sep 13 2022 21:53:52 GMT+0700 (Western Indonesia Time)
[debug] [2022-09-13T14:53:52.460Z] ----------------------------------------------------------------------
[debug] 
[debug] [2022-09-13T14:53:52.472Z] > command requires scopes: ["email","openid","https://www.googleapis.com/auth/cloudplatformprojects.readonly","https://www.googleapis.com/auth/firebase","https://www.googleapis.com/auth/cloud-platform"]
[debug] [2022-09-13T14:53:52.472Z] > authorizing via signed-in user (tamami.oka@gmail.com)
[info] 
     ######## #### ########  ######## ########     ###     ######  ########
     ##        ##  ##     ## ##       ##     ##  ##   ##  ##       ##
     ######    ##  ########  ######   ########  #########  ######  ######
     ##        ##  ##    ##  ##       ##     ## ##     ##       ## ##
     ##       #### ##     ## ######## ########  ##     ##  ######  ########

You're about to initialize a Firebase project in this directory:

  /Users/tamami/Documents/prakom/project/bapenda/sipentol-angular-2

[info] 
=== Project Setup
[info] 
[info] First, let's associate this project directory with a Firebase project.
[info] You can create multiple project aliases by running firebase use --add, 
[info] but for now we'll just set up a default project.
[info] 
[debug] [2022-09-13T14:54:50.849Z] > refreshing access token with scopes: []
[debug] [2022-09-13T14:54:50.853Z] >>> [apiv2][query] POST https://www.googleapis.com/oauth2/v3/token [none]
[debug] [2022-09-13T14:54:50.854Z] >>> [apiv2][body] POST https://www.googleapis.com/oauth2/v3/token [omitted]
[debug] [2022-09-13T14:54:51.171Z] <<< [apiv2][status] POST https://www.googleapis.com/oauth2/v3/token 200
[debug] [2022-09-13T14:54:51.171Z] <<< [apiv2][body] POST https://www.googleapis.com/oauth2/v3/token [omitted]
[debug] [2022-09-13T14:54:51.186Z] >>> [apiv2][query] GET https://firebase.googleapis.com/v1beta1/projects pageSize=100
[debug] [2022-09-13T14:54:52.895Z] <<< [apiv2][status] GET https://firebase.googleapis.com/v1beta1/projects 200
[debug] [2022-09-13T14:54:52.895Z] <<< [apiv2][body] GET https://firebase.googleapis.com/v1beta1/projects [omitted]
[info] i  Using project sipentol-brebes (sipentol-brebes) 
[info] 
=== Hosting Setup
[info] 
[info] Your public directory is the folder (relative to your project directory) that
[info] will contain Hosting assets to be uploaded with firebase deploy. If you
[info] have a build process for your assets, use your build's output directory.
[info] 
[debug] [2022-09-13T14:55:38.936Z] >>> [apiv2][query] GET https://www.gstatic.com/firebasejs/releases.json [none]
[debug] [2022-09-13T14:55:39.328Z] <<< [apiv2][status] GET https://www.gstatic.com/firebasejs/releases.json 200
[debug] [2022-09-13T14:55:39.328Z] <<< [apiv2][body] GET https://www.gstatic.com/firebasejs/releases.json {"current":{"version":"9.9.4","browserURL":"https://www.gstatic.com/firebasejs/9.9.4/firebase.js","packageURL":"https://www.gstatic.com/firebasejs/9.9.4/firebase.tgz"},"live":{"version":"9.9","browserURL":"https://www.gstatic.com/firebasejs/live/9.9/firebase.js","packageURL":"https://www.gstatic.com/firebasejs/live/9.9/firebase.tgz"},"components":{"analytics":"https://www.gstatic.com/firebasejs/9.9.4/firebase-analytics.js","app":"https://www.gstatic.com/firebasejs/9.9.4/firebase-app.js","app-check":"https://www.gstatic.com/firebasejs/9.9.4/firebase-app-check.js","auth":"https://www.gstatic.com/firebasejs/9.9.4/firebase-auth.js","auth/cordova":"https://www.gstatic.com/firebasejs/9.9.4/firebase-auth/cordova.js","auth/react-native":"https://www.gstatic.com/firebasejs/9.9.4/firebase-auth/react-native.js","functions":"https://www.gstatic.com/firebasejs/9.9.4/firebase-functions.js","firestore":"https://www.gstatic.com/firebasejs/9.9.4/firebase-firestore.js","firestore/lite":"https://www.gstatic.com/firebasejs/9.9.4/firebase-firestore/lite.js","installations":"https://www.gstatic.com/firebasejs/9.9.4/firebase-installations.js","storage":"https://www.gstatic.com/firebasejs/9.9.4/firebase-storage.js","performance":"https://www.gstatic.com/firebasejs/9.9.4/firebase-performance.js","remote-config":"https://www.gstatic.com/firebasejs/9.9.4/firebase-remote-config.js","messaging":"https://www.gstatic.com/firebasejs/9.9.4/firebase-messaging.js","messaging/sw":"https://www.gstatic.com/firebasejs/9.9.4/firebase-messaging/sw.js","database":"https://www.gstatic.com/firebasejs/9.9.4/firebase-database.js","firestore.memory":"https://www.gstatic.com/firebasejs/9.9.4/firebase-firestore.memory.js"}}
[info] ✔  Wrote dist/index.html 
[info] 
[info] i  Detected a .git folder at /Users/tamami/Documents/prakom/project/bapenda/sipentol-angular-2 
[info] i  Authorizing with GitHub to upload your service account to a GitHub repository's secrets store. 
[info] 
[info] Visit this URL on this device to log in:
[info] https://github.com/login/oauth/authorize?client_id=89cf50f02ac6aaed3484&state=782647079&redirect_uri=http%3A%2F%2Flocalhost%3A9005&scope=read%3Auser%20repo%20public_repo
[info] 
[info] Waiting for authentication...
[debug] [2022-09-13T14:56:49.662Z] >>> [apiv2][query] POST https://github.com/login/oauth/access_token [none]
[debug] [2022-09-13T14:56:49.662Z] >>> [apiv2][body] POST https://github.com/login/oauth/access_token [stream]
[debug] [2022-09-13T14:56:50.413Z] <<< [apiv2][status] POST https://github.com/login/oauth/access_token 200
[debug] [2022-09-13T14:56:50.413Z] <<< [apiv2][body] POST https://github.com/login/oauth/access_token {"access_token":"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","token_type":"bearer","scope":"read:user,repo"}
[debug] [2022-09-13T14:56:50.423Z] >>> [apiv2][query] GET https://api.github.com/user [none]
[debug] [2022-09-13T14:56:51.226Z] <<< [apiv2][status] GET https://api.github.com/user 200
[debug] [2022-09-13T14:56:51.226Z] <<< [apiv2][body] GET https://api.github.com/user {"login":"tamami","id":1628857,"node_id":"MDQ6VXNlcjE2Mjg4NTc=","avatar_url":"https://avatars.githubusercontent.com/u/1628857?v=4","gravatar_id":"","url":"https://api.github.com/users/tamami","html_url":"https://github.com/tamami","followers_url":"https://api.github.com/users/tamami/followers","following_url":"https://api.github.com/users/tamami/following{/other_user}","gists_url":"https://api.github.com/users/tamami/gists{/gist_id}","starred_url":"https://api.github.com/users/tamami/starred{/owner}{/repo}","subscriptions_url":"https://api.github.com/users/tamami/subscriptions","organizations_url":"https://api.github.com/users/tamami/orgs","repos_url":"https://api.github.com/users/tamami/repos","events_url":"https://api.github.com/users/tamami/events{/privacy}","received_events_url":"https://api.github.com/users/tamami/received_events","type":"User","site_admin":false,"name":"P. Tamami","company":"Bapenda KAB. BREBES","blog":"labsroom.wordpress.com","location":"BREBES, INDONESIA","email":"tamami.oka@gmail.com","hireable":true,"bio":"Kenal yang namanya komputer sejak SMP, terutama game.. tapi ga pernah tau apa itu DBASE III.. pernah dapet 0 (nol) juga di pelajaran itu.. ","twitter_username":null,"public_repos":154,"public_gists":133,"followers":55,"following":37,"created_at":"2012-04-10T10:24:59Z","updated_at":"2022-09-13T09:12:04Z","private_gists":6,"total_private_repos":2,"owned_private_repos":1,"disk_usage":506677,"collaborators":0,"two_factor_authentication":true,"plan":{"name":"free","space":976562499,"collaborators":0,"private_repos":10000}}
[info] 
[info] ✔  Success! Logged into GitHub as tamami 
[info] 
